<?xml version="1.0" encoding="UTF-8"?>
<!-- Generated by org.testng.reporters.JUnitReportReporter -->
<testsuite hostname="Amit" failures="0" tests="1" name="QualitykioskTraining.APICICDDemo.TestMultiplication" time="0.009" errors="0" timestamp="2021-05-15T11:28:24 IST" skipped="0">
  <testcase classname="QualitykioskTraining.APICICDDemo.TestMultiplication" name="TestdivisionWithPositive" time="0.009"/>
  <system-out/>
</testsuite> <!-- QualitykioskTraining.APICICDDemo.TestMultiplication -->
