<?xml version="1.0" encoding="UTF-8"?>
<!-- Generated by org.testng.reporters.JUnitReportReporter -->
<testsuite hostname="Amit" failures="0" tests="1" name="QualitykioskTraining.APICICDDemo.TestSubtraction" time="0.011" errors="0" timestamp="2021-05-15T13:46:21 IST" skipped="0">
  <testcase classname="QualitykioskTraining.APICICDDemo.TestSubtraction" name="TestSubtractionWithPositiveNumbers" time="0.011"/>
  <system-out/>
</testsuite> <!-- QualitykioskTraining.APICICDDemo.TestSubtraction -->
