<?xml version="1.0" encoding="UTF-8"?>
<!-- Generated by org.testng.reporters.JUnitReportReporter -->
<testsuite hostname="Amit" failures="0" tests="1" name="QualitykioskTraining.APICICDDemo.TestDivision" time="0.013" errors="0" timestamp="2021-05-15T10:42:01 IST" skipped="0">
  <testcase classname="QualitykioskTraining.APICICDDemo.TestDivision" name="TestdivisionWithPositive" time="0.013"/>
  <system-out/>
</testsuite> <!-- QualitykioskTraining.APICICDDemo.TestDivision -->
