<?xml version="1.0" encoding="UTF-8"?>
<!-- Generated by org.testng.reporters.JUnitReportReporter -->
<testsuite hostname="Amit" failures="0" tests="1" name="QualitykioskTraining.APICICDDemo.TestAddition" time="0.016" errors="0" timestamp="2021-05-15T13:16:10 IST" skipped="0">
  <testcase classname="QualitykioskTraining.APICICDDemo.TestAddition" name="TestAdditionWithPositiveNumbers" time="0.016"/>
  <system-out/>
</testsuite> <!-- QualitykioskTraining.APICICDDemo.TestAddition -->
